<?xml version="1.0" encoding="UTF-8"?>
<testsuite name="com.planing.DKDEV.DkdevApplicationTests" tests="1" skipped="0" failures="0" errors="0" timestamp="2022-03-20T02:50:39" hostname="DESKTOP-R0QLBFT" time="0.603">
  <properties/>
  <testcase name="contextLoads()" classname="com.planing.DKDEV.DkdevApplicationTests" time="0.603"/>
  <system-out><![CDATA[11:50:35.126 [Test worker] DEBUG org.springframework.test.context.BootstrapUtils - Instantiating CacheAwareContextLoaderDelegate from class [org.springframework.test.context.cache.DefaultCacheAwareContextLoaderDelegate]
11:50:35.126 [Test worker] DEBUG org.springframework.test.context.BootstrapUtils - Instantiating BootstrapContext using constructor [public org.springframework.test.context.support.DefaultBootstrapContext(java.lang.Class,org.springframework.test.context.CacheAwareContextLoaderDelegate)]
11:50:35.128 [Test worker] DEBUG org.springframework.test.context.BootstrapUtils - Instantiating TestContextBootstrapper for test class [com.planing.DKDEV.DkdevApplicationTests] from class [org.springframework.boot.test.context.SpringBootTestContextBootstrapper]
11:50:35.128 [Test worker] INFO org.springframework.boot.test.context.SpringBootTestContextBootstrapper - Neither @ContextConfiguration nor @ContextHierarchy found for test class [com.planing.DKDEV.DkdevApplicationTests], using SpringBootContextLoader
11:50:35.130 [Test worker] DEBUG org.springframework.test.context.support.AbstractContextLoader - Did not detect default resource location for test class [com.planing.DKDEV.DkdevApplicationTests]: class path resource [com/planing/DKDEV/DkdevApplicationTests-context.xml] does not exist
11:50:35.131 [Test worker] DEBUG org.springframework.test.context.support.AbstractContextLoader - Did not detect default resource location for test class [com.planing.DKDEV.DkdevApplicationTests]: class path resource [com/planing/DKDEV/DkdevApplicationTestsContext.groovy] does not exist
11:50:35.131 [Test worker] INFO org.springframework.test.context.support.AbstractContextLoader - Could not detect default resource locations for test class [com.planing.DKDEV.DkdevApplicationTests]: no resource found for suffixes {-context.xml, Context.groovy}.
11:50:35.132 [Test worker] INFO org.springframework.test.context.support.AnnotationConfigContextLoaderUtils - Could not detect default configuration classes for test class [com.planing.DKDEV.DkdevApplicationTests]: DkdevApplicationTests does not declare any static, non-private, non-final, nested classes annotated with @Configuration.
11:50:35.136 [Test worker] DEBUG org.springframework.test.context.support.ActiveProfilesUtils - Could not find an 'annotation declaring class' for annotation type [org.springframework.test.context.ActiveProfiles] and class [com.planing.DKDEV.DkdevApplicationTests]
11:50:35.191 [Test worker] DEBUG org.springframework.context.annotation.ClassPathScanningCandidateComponentProvider - Identified candidate component class: file [C:\Users\dongkeun\Desktop\DEV\DKDEV\build\classes\java\main\com\planing\DKDEV\DkdevApplication.class]
11:50:35.193 [Test worker] INFO org.springframework.boot.test.context.SpringBootTestContextBootstrapper - Found @SpringBootConfiguration com.planing.DKDEV.DkdevApplication for test class com.planing.DKDEV.DkdevApplicationTests
11:50:35.349 [Test worker] DEBUG org.springframework.boot.test.context.SpringBootTestContextBootstrapper - @TestExecutionListeners is not present for class [com.planing.DKDEV.DkdevApplicationTests]: using defaults.
11:50:35.350 [Test worker] INFO org.springframework.boot.test.context.SpringBootTestContextBootstrapper - Loaded default TestExecutionListener class names from location [META-INF/spring.factories]: [org.springframework.security.test.context.support.WithSecurityContextTestExecutionListener, org.springframework.security.test.context.support.ReactorContextTestExecutionListener, org.springframework.boot.test.autoconfigure.restdocs.RestDocsTestExecutionListener, org.springframework.boot.test.autoconfigure.web.client.MockRestServiceServerResetTestExecutionListener, org.springframework.boot.test.autoconfigure.web.servlet.MockMvcPrintOnlyOnFailureTestExecutionListener, org.springframework.boot.test.autoconfigure.web.servlet.WebDriverTestExecutionListener, org.springframework.boot.test.autoconfigure.webservices.client.MockWebServiceServerTestExecutionListener, org.springframework.boot.test.mock.mockito.MockitoTestExecutionListener, org.springframework.boot.test.mock.mockito.ResetMocksTestExecutionListener, org.springframework.test.context.web.ServletTestExecutionListener, org.springframework.test.context.support.DirtiesContextBeforeModesTestExecutionListener, org.springframework.test.context.event.ApplicationEventsTestExecutionListener, org.springframework.test.context.support.DependencyInjectionTestExecutionListener, org.springframework.test.context.support.DirtiesContextTestExecutionListener, org.springframework.test.context.transaction.TransactionalTestExecutionListener, org.springframework.test.context.jdbc.SqlScriptsTestExecutionListener, org.springframework.test.context.event.EventPublishingTestExecutionListener]
11:50:35.391 [Test worker] DEBUG org.springframework.boot.test.context.SpringBootTestContextBootstrapper - Skipping candidate TestExecutionListener [org.springframework.test.context.transaction.TransactionalTestExecutionListener] due to a missing dependency. Specify custom listener classes or make the default listener classes and their required dependencies available. Offending class: [org/springframework/transaction/interceptor/TransactionAttributeSource]
11:50:35.392 [Test worker] DEBUG org.springframework.boot.test.context.SpringBootTestContextBootstrapper - Skipping candidate TestExecutionListener [org.springframework.test.context.jdbc.SqlScriptsTestExecutionListener] due to a missing dependency. Specify custom listener classes or make the default listener classes and their required dependencies available. Offending class: [org/springframework/transaction/interceptor/TransactionAttribute]
11:50:35.392 [Test worker] INFO org.springframework.boot.test.context.SpringBootTestContextBootstrapper - Using TestExecutionListeners: [org.springframework.test.context.web.ServletTestExecutionListener@4fc47a46, org.springframework.test.context.support.DirtiesContextBeforeModesTestExecutionListener@32748855, org.springframework.test.context.event.ApplicationEventsTestExecutionListener@5c3f3e28, org.springframework.boot.test.mock.mockito.MockitoTestExecutionListener@794d9355, org.springframework.boot.test.autoconfigure.SpringBootDependencyInjectionTestExecutionListener@1537c070, org.springframework.test.context.support.DirtiesContextTestExecutionListener@317d4a3, org.springframework.security.test.context.support.WithSecurityContextTestExecutionListener@267c6497, org.springframework.test.context.event.EventPublishingTestExecutionListener@33be9c36, org.springframework.security.test.context.support.ReactorContextTestExecutionListener@1821fe71, org.springframework.boot.test.autoconfigure.restdocs.RestDocsTestExecutionListener@252e831a, org.springframework.boot.test.autoconfigure.web.client.MockRestServiceServerResetTestExecutionListener@603313f4, org.springframework.boot.test.autoconfigure.web.servlet.MockMvcPrintOnlyOnFailureTestExecutionListener@272b7ce8, org.springframework.boot.test.autoconfigure.web.servlet.WebDriverTestExecutionListener@30eecc0a, org.springframework.boot.test.autoconfigure.webservices.client.MockWebServiceServerTestExecutionListener@6109bf5e, org.springframework.boot.test.mock.mockito.ResetMocksTestExecutionListener@19ddac38]
11:50:35.397 [Test worker] DEBUG org.springframework.test.context.support.AbstractDirtiesContextTestExecutionListener - Before test class: context [DefaultTestContext@21d2bf18 testClass = DkdevApplicationTests, testInstance = [null], testMethod = [null], testException = [null], mergedContextConfiguration = [WebMergedContextConfiguration@1845ec5e testClass = DkdevApplicationTests, locations = '{}', classes = '{class com.planing.DKDEV.DkdevApplication}', contextInitializerClasses = '[]', activeProfiles = '{}', propertySourceLocations = '{}', propertySourceProperties = '{org.springframework.boot.test.context.SpringBootTestContextBootstrapper=true}', contextCustomizers = set[org.springframework.boot.test.autoconfigure.actuate.metrics.MetricsExportContextCustomizerFactory$DisableMetricExportContextCustomizer@66771dd4, org.springframework.boot.test.autoconfigure.properties.PropertyMappingContextCustomizer@0, org.springframework.boot.test.autoconfigure.web.servlet.WebDriverContextCustomizerFactory$Customizer@291f4567, org.springframework.boot.test.context.filter.ExcludeFilterContextCustomizer@5ffcf35e, org.springframework.boot.test.json.DuplicateJsonObjectContextCustomizerFactory$DuplicateJsonObjectContextCustomizer@1a027c21, org.springframework.boot.test.mock.mockito.MockitoContextCustomizer@0, org.springframework.boot.test.web.client.TestRestTemplateContextCustomizer@329b4a33, org.springframework.boot.test.context.SpringBootTestArgs@1, org.springframework.boot.test.context.SpringBootTestWebEnvironment@17e754d8], resourceBasePath = 'src/main/webapp', contextLoader = 'org.springframework.boot.test.context.SpringBootContextLoader', parent = [null]], attributes = map['org.springframework.test.context.web.ServletTestExecutionListener.activateListener' -> true]], class annotated with @DirtiesContext [false] with mode [null].

  .   ____          _            __ _ _
 /\\ / ___'_ __ _ _(_)_ __  __ _ \ \ \ \
( ( )\___ | '_ | '_| | '_ \/ _` | \ \ \ \
 \\/  ___)| |_)| | | | | || (_| |  ) ) ) )
  '  |____| .__|_| |_|_| |_\__, | / / / /
 =========|_|==============|___/=/_/_/_/
 :: Spring Boot ::               (v2.5.10)

2022-03-20 11:50:35.962  INFO 22964 --- [    Test worker] com.planing.DKDEV.DkdevApplicationTests  : Starting DkdevApplicationTests using Java 11.0.6 on DESKTOP-R0QLBFT with PID 22964 (started by 사용자 in C:\Users\dongkeun\Desktop\DEV\DKDEV)
2022-03-20 11:50:35.964  INFO 22964 --- [    Test worker] com.planing.DKDEV.DkdevApplicationTests  : No active profile set, falling back to 1 default profile: "default"
2022-03-20 11:50:37.398  INFO 22964 --- [    Test worker] trationDelegate$BeanPostProcessorChecker : Bean 'org.springframework.ws.config.annotation.DelegatingWsConfiguration' of type [org.springframework.ws.config.annotation.DelegatingWsConfiguration$$EnhancerBySpringCGLIB$$28735d31] is not eligible for getting processed by all BeanPostProcessors (for example: not eligible for auto-proxying)
2022-03-20 11:50:37.478  INFO 22964 --- [    Test worker] .w.s.a.s.AnnotationActionEndpointMapping : Supporting [WS-Addressing August 2004, WS-Addressing 1.0]
2022-03-20 11:50:38.982  INFO 22964 --- [    Test worker] .s.s.UserDetailsServiceAutoConfiguration : 

Using generated security password: 3f598ea6-4924-4536-95cc-aed8f4dc6f8c

2022-03-20 11:50:39.533  INFO 22964 --- [    Test worker] o.s.s.web.DefaultSecurityFilterChain     : Will not secure any request
2022-03-20 11:50:39.868  INFO 22964 --- [    Test worker] com.planing.DKDEV.DkdevApplicationTests  : Started DkdevApplicationTests in 4.417 seconds (JVM running for 7.068)
]]></system-out>
  <system-err><![CDATA[]]></system-err>
</testsuite>
